<?xml version="1.0" encoding="UTF-8"?>
<!-- Generated by org.testng.reporters.JUnitXMLReporter -->
<testsuite hostname="AvishekS" ignored="0" name="Grouping in Testing" tests="4" failures="2" timestamp="19 Jan 2021 11:51:33 GMT" time="46.166" errors="0">
  <testcase name="methodOne" time="2.216" classname="seleniumWithMavenSource.MavenSecondClass">
    <failure type="org.openqa.selenium.SessionNotCreatedException" message="session not created: This version of ChromeDriver only supports Chrome version 76
Build info: version: &amp;apos;3.141.59&amp;apos;, revision: &amp;apos;e82be7d358&amp;apos;, time: &amp;apos;2018-11-14T08:17:03&amp;apos;
System info: host: &amp;apos;AVISHEKS&amp;apos;, ip: &amp;apos;192.168.43.205&amp;apos;, os.name: &amp;apos;Windows 10&amp;apos;, os.arch: &amp;apos;amd64&amp;apos;, os.version: &amp;apos;10.0&amp;apos;, java.version: &amp;apos;1.8.0_231&amp;apos;
Driver info: driver.version: ChromeDriver
remote stacktrace: Backtrace:
	Ordinal0 [0x00F17C93+1473683]
	Ordinal0 [0x00E9ADB1+961969]
	Ordinal0 [0x00E242E3+475875]
	Ordinal0 [0x00DBF365+62309]
	Ordinal0 [0x00DBBC77+48247]
	Ordinal0 [0x00DD9149+168265]
	Ordinal0 [0x00DD8D1D+167197]
	Ordinal0 [0x00DD742B+160811]
	Ordinal0 [0x00DC0AE6+68326]
	Ordinal0 [0x00DC1BF0+72688]
	Ordinal0 [0x00DC1B89+72585]
	Ordinal0 [0x00EB4B77+1067895]
	GetHandleVerifier [0x00FB6875+506677]
	GetHandleVerifier [0x00FB6610+506064]
	GetHandleVerifier [0x00FBD1B8+533624]
	GetHandleVerifier [0x00FB704A+508682]
	Ordinal0 [0x00EAC266+1032806]
	Ordinal0 [0x00EAC0DF+1032415]
	Ordinal0 [0x00EB6A8B+1075851]
	Ordinal0 [0x00EB6BF3+1076211]
	Ordinal0 [0x00EB5BA5+1072037]
	BaseThreadInitThunk [0x76296359+25]
	RtlGetAppContainerNamedObjectPath [0x77167A94+228]
	RtlGetAppContainerNamedObjectPath [0x77167A64+180]
">
      <![CDATA[org.openqa.selenium.SessionNotCreatedException: session not created: This version of ChromeDriver only supports Chrome version 76
Build info: version: '3.141.59', revision: 'e82be7d358', time: '2018-11-14T08:17:03'
System info: host: 'AVISHEKS', ip: '192.168.43.205', os.name: 'Windows 10', os.arch: 'amd64', os.version: '10.0', java.version: '1.8.0_231'
Driver info: driver.version: ChromeDriver
remote stacktrace: Backtrace:
Ordinal0 [0x00F17C93+1473683]
Ordinal0 [0x00E9ADB1+961969]
Ordinal0 [0x00E242E3+475875]
Ordinal0 [0x00DBF365+62309]
Ordinal0 [0x00DBBC77+48247]
Ordinal0 [0x00DD9149+168265]
Ordinal0 [0x00DD8D1D+167197]
Ordinal0 [0x00DD742B+160811]
Ordinal0 [0x00DC0AE6+68326]
Ordinal0 [0x00DC1BF0+72688]
Ordinal0 [0x00DC1B89+72585]
Ordinal0 [0x00EB4B77+1067895]
GetHandleVerifier [0x00FB6875+506677]
GetHandleVerifier [0x00FB6610+506064]
GetHandleVerifier [0x00FBD1B8+533624]
GetHandleVerifier [0x00FB704A+508682]
Ordinal0 [0x00EAC266+1032806]
Ordinal0 [0x00EAC0DF+1032415]
Ordinal0 [0x00EB6A8B+1075851]
Ordinal0 [0x00EB6BF3+1076211]
Ordinal0 [0x00EB5BA5+1072037]
BaseThreadInitThunk [0x76296359+25]
RtlGetAppContainerNamedObjectPath [0x77167A94+228]
RtlGetAppContainerNamedObjectPath [0x77167A64+180]

at org.openqa.selenium.remote.W3CHandshakeResponse.lambda$errorHandler$0(W3CHandshakeResponse.java:62)
at org.openqa.selenium.remote.HandshakeResponse.lambda$getResponseFunction$0(HandshakeResponse.java:30)
at org.openqa.selenium.remote.ProtocolHandshake.lambda$createSession$0(ProtocolHandshake.java:126)
at java.util.stream.ReferencePipeline$3$1.accept(ReferencePipeline.java:193)
at java.util.Spliterators$ArraySpliterator.tryAdvance(Spliterators.java:958)
at java.util.stream.ReferencePipeline.forEachWithCancel(ReferencePipeline.java:126)
at java.util.stream.AbstractPipeline.copyIntoWithCancel(AbstractPipeline.java:499)
at java.util.stream.AbstractPipeline.copyInto(AbstractPipeline.java:486)
at java.util.stream.AbstractPipeline.wrapAndCopyInto(AbstractPipeline.java:472)
at java.util.stream.FindOps$FindOp.evaluateSequential(FindOps.java:152)
at java.util.stream.AbstractPipeline.evaluate(AbstractPipeline.java:234)
at java.util.stream.ReferencePipeline.findFirst(ReferencePipeline.java:464)
at org.openqa.selenium.remote.ProtocolHandshake.createSession(ProtocolHandshake.java:128)
at org.openqa.selenium.remote.ProtocolHandshake.createSession(ProtocolHandshake.java:74)
at org.openqa.selenium.remote.HttpCommandExecutor.execute(HttpCommandExecutor.java:136)
at org.openqa.selenium.remote.service.DriverCommandExecutor.execute(DriverCommandExecutor.java:83)
at org.openqa.selenium.remote.RemoteWebDriver.execute(RemoteWebDriver.java:552)
at org.openqa.selenium.remote.RemoteWebDriver.startSession(RemoteWebDriver.java:213)
at org.openqa.selenium.remote.RemoteWebDriver.<init>(RemoteWebDriver.java:131)
at org.openqa.selenium.chrome.ChromeDriver.<init>(ChromeDriver.java:181)
at org.openqa.selenium.chrome.ChromeDriver.<init>(ChromeDriver.java:168)
at org.openqa.selenium.chrome.ChromeDriver.<init>(ChromeDriver.java:123)
at seleniumWithMavenSource.MavenSecondClass.methodOne(MavenSecondClass.java:15)
... Removed 29 stack frames]]>
    </failure>
  </testcase> <!-- methodOne -->
  <testcase name="methodTwo" time="1.415" classname="seleniumWithMavenSource.MavenSecondClass">
    <failure type="org.openqa.selenium.SessionNotCreatedException" message="session not created: This version of ChromeDriver only supports Chrome version 76
Build info: version: &amp;apos;3.141.59&amp;apos;, revision: &amp;apos;e82be7d358&amp;apos;, time: &amp;apos;2018-11-14T08:17:03&amp;apos;
System info: host: &amp;apos;AVISHEKS&amp;apos;, ip: &amp;apos;192.168.43.205&amp;apos;, os.name: &amp;apos;Windows 10&amp;apos;, os.arch: &amp;apos;amd64&amp;apos;, os.version: &amp;apos;10.0&amp;apos;, java.version: &amp;apos;1.8.0_231&amp;apos;
Driver info: driver.version: ChromeDriver
remote stacktrace: Backtrace:
	Ordinal0 [0x00F17C93+1473683]
	Ordinal0 [0x00E9ADB1+961969]
	Ordinal0 [0x00E242E3+475875]
	Ordinal0 [0x00DBF365+62309]
	Ordinal0 [0x00DBBC77+48247]
	Ordinal0 [0x00DD9149+168265]
	Ordinal0 [0x00DD8D1D+167197]
	Ordinal0 [0x00DD742B+160811]
	Ordinal0 [0x00DC0AE6+68326]
	Ordinal0 [0x00DC1BF0+72688]
	Ordinal0 [0x00DC1B89+72585]
	Ordinal0 [0x00EB4B77+1067895]
	GetHandleVerifier [0x00FB6875+506677]
	GetHandleVerifier [0x00FB6610+506064]
	GetHandleVerifier [0x00FBD1B8+533624]
	GetHandleVerifier [0x00FB704A+508682]
	Ordinal0 [0x00EAC266+1032806]
	Ordinal0 [0x00EAC0DF+1032415]
	Ordinal0 [0x00EB6A8B+1075851]
	Ordinal0 [0x00EB6BF3+1076211]
	Ordinal0 [0x00EB5BA5+1072037]
	BaseThreadInitThunk [0x76296359+25]
	RtlGetAppContainerNamedObjectPath [0x77167A94+228]
	RtlGetAppContainerNamedObjectPath [0x77167A64+180]
">
      <![CDATA[org.openqa.selenium.SessionNotCreatedException: session not created: This version of ChromeDriver only supports Chrome version 76
Build info: version: '3.141.59', revision: 'e82be7d358', time: '2018-11-14T08:17:03'
System info: host: 'AVISHEKS', ip: '192.168.43.205', os.name: 'Windows 10', os.arch: 'amd64', os.version: '10.0', java.version: '1.8.0_231'
Driver info: driver.version: ChromeDriver
remote stacktrace: Backtrace:
Ordinal0 [0x00F17C93+1473683]
Ordinal0 [0x00E9ADB1+961969]
Ordinal0 [0x00E242E3+475875]
Ordinal0 [0x00DBF365+62309]
Ordinal0 [0x00DBBC77+48247]
Ordinal0 [0x00DD9149+168265]
Ordinal0 [0x00DD8D1D+167197]
Ordinal0 [0x00DD742B+160811]
Ordinal0 [0x00DC0AE6+68326]
Ordinal0 [0x00DC1BF0+72688]
Ordinal0 [0x00DC1B89+72585]
Ordinal0 [0x00EB4B77+1067895]
GetHandleVerifier [0x00FB6875+506677]
GetHandleVerifier [0x00FB6610+506064]
GetHandleVerifier [0x00FBD1B8+533624]
GetHandleVerifier [0x00FB704A+508682]
Ordinal0 [0x00EAC266+1032806]
Ordinal0 [0x00EAC0DF+1032415]
Ordinal0 [0x00EB6A8B+1075851]
Ordinal0 [0x00EB6BF3+1076211]
Ordinal0 [0x00EB5BA5+1072037]
BaseThreadInitThunk [0x76296359+25]
RtlGetAppContainerNamedObjectPath [0x77167A94+228]
RtlGetAppContainerNamedObjectPath [0x77167A64+180]

at org.openqa.selenium.remote.W3CHandshakeResponse.lambda$errorHandler$0(W3CHandshakeResponse.java:62)
at org.openqa.selenium.remote.HandshakeResponse.lambda$getResponseFunction$0(HandshakeResponse.java:30)
at org.openqa.selenium.remote.ProtocolHandshake.lambda$createSession$0(ProtocolHandshake.java:126)
at java.util.stream.ReferencePipeline$3$1.accept(ReferencePipeline.java:193)
at java.util.Spliterators$ArraySpliterator.tryAdvance(Spliterators.java:958)
at java.util.stream.ReferencePipeline.forEachWithCancel(ReferencePipeline.java:126)
at java.util.stream.AbstractPipeline.copyIntoWithCancel(AbstractPipeline.java:499)
at java.util.stream.AbstractPipeline.copyInto(AbstractPipeline.java:486)
at java.util.stream.AbstractPipeline.wrapAndCopyInto(AbstractPipeline.java:472)
at java.util.stream.FindOps$FindOp.evaluateSequential(FindOps.java:152)
at java.util.stream.AbstractPipeline.evaluate(AbstractPipeline.java:234)
at java.util.stream.ReferencePipeline.findFirst(ReferencePipeline.java:464)
at org.openqa.selenium.remote.ProtocolHandshake.createSession(ProtocolHandshake.java:128)
at org.openqa.selenium.remote.ProtocolHandshake.createSession(ProtocolHandshake.java:74)
at org.openqa.selenium.remote.HttpCommandExecutor.execute(HttpCommandExecutor.java:136)
at org.openqa.selenium.remote.service.DriverCommandExecutor.execute(DriverCommandExecutor.java:83)
at org.openqa.selenium.remote.RemoteWebDriver.execute(RemoteWebDriver.java:552)
at org.openqa.selenium.remote.RemoteWebDriver.startSession(RemoteWebDriver.java:213)
at org.openqa.selenium.remote.RemoteWebDriver.<init>(RemoteWebDriver.java:131)
at org.openqa.selenium.chrome.ChromeDriver.<init>(ChromeDriver.java:181)
at org.openqa.selenium.chrome.ChromeDriver.<init>(ChromeDriver.java:168)
at org.openqa.selenium.chrome.ChromeDriver.<init>(ChromeDriver.java:123)
at seleniumWithMavenSource.MavenSecondClass.methodTwo(MavenSecondClass.java:25)
... Removed 29 stack frames]]>
    </failure>
  </testcase> <!-- methodTwo -->
  <testcase name="printMethod" time="26.741" classname="seleniumWithMavenSource.MavenFirstClass"/>
  <testcase name="printMethod1" time="15.723" classname="seleniumWithMavenSource.MavenFirstClass"/>
</testsuite> <!-- Grouping in Testing -->
